\BOOKMARK [0][-]{Doc-Start}{Acknowledgments}{}% 1
\BOOKMARK [0][-]{chapter*.1}{Abstract}{}% 2
\BOOKMARK [0][-]{chapter.1}{Quality of Service}{}% 3
\BOOKMARK [1][-]{section.1.1}{Introduction}{chapter.1}% 4
\BOOKMARK [1][-]{section.1.2}{Quality Attributes}{chapter.1}% 5
\BOOKMARK [1][-]{section.1.3}{Quality Metrics}{chapter.1}% 6
\BOOKMARK [2][-]{subsection.1.3.1}{Context and Notations}{section.1.3}% 7
\BOOKMARK [2][-]{subsection.1.3.2}{Coupling Metrics}{section.1.3}% 8
\BOOKMARK [2][-]{subsection.1.3.3}{Cohesion Metrics}{section.1.3}% 9
\BOOKMARK [2][-]{subsection.1.3.4}{Granularity Metrics}{section.1.3}% 10
\BOOKMARK [2][-]{subsection.1.3.5}{Complexity Metrics}{section.1.3}% 11
\BOOKMARK [2][-]{subsection.1.3.6}{Autonomy Metrics}{section.1.3}% 12
\BOOKMARK [2][-]{subsection.1.3.7}{Reusability Metrics}{section.1.3}% 13
\BOOKMARK [1][-]{section.1.4}{Basic Quality Metrics}{chapter.1}% 14
\BOOKMARK [1][-]{section.1.5}{Principles defined by Quality Attributes}{chapter.1}% 15
\BOOKMARK [1][-]{section.1.6}{Relationship among Quality Attributes}{chapter.1}% 16
\BOOKMARK [0][-]{chapter.2}{Granularity}{}% 17
\BOOKMARK [1][-]{section.2.1}{Introduction}{chapter.2}% 18
\BOOKMARK [1][-]{section.2.2}{Related Work}{chapter.2}% 19
\BOOKMARK [1][-]{section.2.3}{Basic Principles to Service Granularity}{chapter.2}% 20
\BOOKMARK [1][-]{section.2.4}{Dimensions of Granularity}{chapter.2}% 21
\BOOKMARK [2][-]{subsection.2.4.1}{Dimension by Interface}{section.2.4}% 22
\BOOKMARK [2][-]{subsection.2.4.2}{Dimension by Interface Realization}{section.2.4}% 23
\BOOKMARK [2][-]{subsection.2.4.3}{R3 Dimension}{section.2.4}% 24
\BOOKMARK [2][-]{subsection.2.4.4}{Retrospective}{section.2.4}% 25
\BOOKMARK [0][-]{section*.16}{Acronyms}{}% 26
\BOOKMARK [0][-]{appendix*.18}{List of Figures}{}% 27
\BOOKMARK [0][-]{appendix*.19}{List of Tables}{}% 28
\BOOKMARK [0][-]{appendix*.20}{Bibliography}{}% 29
