\BOOKMARK [0][-]{Doc-Start}{Acknowledgments}{}% 1
\BOOKMARK [0][-]{chapter*.1}{Abstract}{}% 2
\BOOKMARK [0][-]{chapter.1}{Introduction}{}% 3
\BOOKMARK [1][-]{section.1.1}{Monolithic Architectural Approach}{chapter.1}% 4
\BOOKMARK [2][-]{subsection.1.1.1}{Types of the Monolithic Architectural Approach}{section.1.1}% 5
\BOOKMARK [2][-]{subsection.1.1.2}{Advantages of the Monolithic Architectural Approach}{section.1.1}% 6
\BOOKMARK [2][-]{subsection.1.1.3}{Disadvantages of the Monolithic Architectural Approach}{section.1.1}% 7
\BOOKMARK [1][-]{section.1.2}{Microservices Architectural Approach}{chapter.1}% 8
\BOOKMARK [2][-]{subsection.1.2.1}{Decomposition of an Application}{section.1.2}% 9
\BOOKMARK [3][-]{subsubsection.1.2.1.1}{Scale Cube}{subsection.1.2.1}% 10
\BOOKMARK [3][-]{subsubsection.1.2.1.2}{Shared Libraries}{subsection.1.2.1}% 11
\BOOKMARK [2][-]{subsection.1.2.2}{Definitions}{section.1.2}% 12
\BOOKMARK [1][-]{section.1.3}{Motivation}{chapter.1}% 13
\BOOKMARK [1][-]{section.1.4}{Research Approach}{chapter.1}% 14
\BOOKMARK [2][-]{subsection.1.4.1}{Data Collection Phase}{section.1.4}% 15
\BOOKMARK [2][-]{subsection.1.4.2}{Data Synthesis Phase}{section.1.4}% 16
\BOOKMARK [1][-]{section.1.5}{Research Strategy}{chapter.1}% 17
\BOOKMARK [1][-]{section.1.6}{Problem Statement}{chapter.1}% 18
\BOOKMARK [0][-]{chapter.2}{Granularity}{}% 19
\BOOKMARK [1][-]{section.2.1}{Introduction}{chapter.2}% 20
\BOOKMARK [1][-]{section.2.2}{Basic Principles of the Service Granularity}{chapter.2}% 21
\BOOKMARK [1][-]{section.2.3}{Dimensions of the Service Granularity}{chapter.2}% 22
\BOOKMARK [2][-]{subsection.2.3.1}{Dimensions given by Interface Perception of Consumers}{section.2.3}% 23
\BOOKMARK [2][-]{subsection.2.3.2}{Dimensions given by Interface Realization}{section.2.3}% 24
\BOOKMARK [2][-]{subsection.2.3.3}{R3 Dimension}{section.2.3}% 25
\BOOKMARK [2][-]{subsection.2.3.4}{Retrospective}{section.2.3}% 26
\BOOKMARK [1][-]{section.2.4}{Problem Statement}{chapter.2}% 27
\BOOKMARK [0][-]{chapter.3}{Quality Attributes of Microservices}{}% 28
\BOOKMARK [1][-]{section.3.1}{Introduction}{chapter.3}% 29
\BOOKMARK [1][-]{section.3.2}{Quality Attributes}{chapter.3}% 30
\BOOKMARK [1][-]{section.3.3}{Quality Metrics}{chapter.3}% 31
\BOOKMARK [2][-]{subsection.3.3.1}{Context and Notations}{section.3.3}% 32
\BOOKMARK [2][-]{subsection.3.3.2}{Coupling Metrics}{section.3.3}% 33
\BOOKMARK [2][-]{subsection.3.3.3}{Cohesion Metrics}{section.3.3}% 34
\BOOKMARK [2][-]{subsection.3.3.4}{Granularity Metrics}{section.3.3}% 35
\BOOKMARK [2][-]{subsection.3.3.5}{Complexity Metrics}{section.3.3}% 36
\BOOKMARK [2][-]{subsection.3.3.6}{Autonomy Metrics}{section.3.3}% 37
\BOOKMARK [2][-]{subsection.3.3.7}{Reusability Metrics}{section.3.3}% 38
\BOOKMARK [1][-]{section.3.4}{Basic Quality Metrics}{chapter.3}% 39
\BOOKMARK [1][-]{section.3.5}{Principles based on Quality Attributes}{chapter.3}% 40
\BOOKMARK [1][-]{section.3.6}{Relationship among Quality Attributes}{chapter.3}% 41
\BOOKMARK [1][-]{section.3.7}{Conclusion}{chapter.3}% 42
\BOOKMARK [1][-]{section.3.8}{Problem Statement}{chapter.3}% 43
\BOOKMARK [0][-]{chapter.4}{Modeling Microservices}{}% 44
\BOOKMARK [1][-]{section.4.1}{Introduction}{chapter.4}% 45
\BOOKMARK [1][-]{section.4.2}{Modeling Using Use cases}{chapter.4}% 46
\BOOKMARK [2][-]{subsection.4.2.1}{Use cases Refactoring}{section.4.2}% 47
\BOOKMARK [2][-]{subsection.4.2.2}{Process for Use Cases Refactoring}{section.4.2}% 48
\BOOKMARK [2][-]{subsection.4.2.3}{Rules for Use Cases Refactoring}{section.4.2}% 49
\BOOKMARK [3][-]{subsubsection.4.2.3.1}{Decomposition Refactoring}{subsection.4.2.3}% 50
\BOOKMARK [3][-]{subsubsection.4.2.3.2}{Equivalence Refactoring}{subsection.4.2.3}% 51
\BOOKMARK [3][-]{subsubsection.4.2.3.3}{Composition Refactoring}{subsection.4.2.3}% 52
\BOOKMARK [3][-]{subsubsection.4.2.3.4}{Generalization Refactoring}{subsection.4.2.3}% 53
\BOOKMARK [3][-]{subsubsection.4.2.3.5}{Merge Refactoring}{subsection.4.2.3}% 54
\BOOKMARK [3][-]{subsubsection.4.2.3.6}{Deletion Refactoring}{subsection.4.2.3}% 55
\BOOKMARK [2][-]{subsection.4.2.4}{Example Scenario}{section.4.2}% 56
\BOOKMARK [1][-]{section.4.3}{Modeling using Domain Driven Design}{chapter.4}% 57
\BOOKMARK [2][-]{subsection.4.3.1}{Process to implement Domain Driven Design}{section.4.3}% 58
\BOOKMARK [3][-]{subsubsection.4.3.1.1}{Ubiquitous Language}{subsection.4.3.1}% 59
\BOOKMARK [3][-]{subsubsection.4.3.1.2}{Strategical Design}{subsection.4.3.1}% 60
\BOOKMARK [2][-]{subsection.4.3.2}{Microservices and Bounded Context}{section.4.3}% 61
\BOOKMARK [2][-]{subsection.4.3.3}{Example Scenario}{section.4.3}% 62
\BOOKMARK [1][-]{section.4.4}{Conclusion}{chapter.4}% 63
\BOOKMARK [1][-]{section.4.5}{Problem Statement}{chapter.4}% 64
\BOOKMARK [0][-]{chapter.5}{Architecture at SAP Hybris}{}% 65
\BOOKMARK [1][-]{section.5.1}{Overview}{chapter.5}% 66
\BOOKMARK [1][-]{section.5.2}{Vision}{chapter.5}% 67
\BOOKMARK [1][-]{section.5.3}{SAP Hybris Architecture Principles}{chapter.5}% 68
\BOOKMARK [1][-]{section.5.4}{Modeling Microservices at SAP Hybris}{chapter.5}% 69
\BOOKMARK [2][-]{subsection.5.4.1}{Hypothesis}{section.5.4}% 70
\BOOKMARK [2][-]{subsection.5.4.2}{Interview Compilation}{section.5.4}% 71
\BOOKMARK [2][-]{subsection.5.4.3}{Interview Reflection on Hypothesis}{section.5.4}% 72
\BOOKMARK [1][-]{section.5.5}{Modeling Approach at SAP Hybris derived by interview compilation}{chapter.5}% 73
\BOOKMARK [1][-]{section.5.6}{Case Study}{chapter.5}% 74
\BOOKMARK [1][-]{section.5.7}{Deployment Workflow}{chapter.5}% 75
\BOOKMARK [2][-]{subsection.5.7.1}{SourceCode Management}{section.5.7}% 76
\BOOKMARK [2][-]{subsection.5.7.2}{Continuous Deployment}{section.5.7}% 77
\BOOKMARK [1][-]{section.5.8}{Problem Statement}{chapter.5}% 78
\BOOKMARK [0][-]{chapter.6}{Challanges of Microservices Architecture}{}% 79
\BOOKMARK [1][-]{section.6.1}{Introduction}{chapter.6}% 80
\BOOKMARK [1][-]{section.6.2}{Integration}{chapter.6}% 81
\BOOKMARK [2][-]{subsection.6.2.1}{Sharing Data}{section.6.2}% 82
\BOOKMARK [2][-]{subsection.6.2.2}{Inter-Service Communication}{section.6.2}% 83
\BOOKMARK [3][-]{subsubsection.6.2.2.1}{Synchronous and Asynchronous}{subsection.6.2.2}% 84
\BOOKMARK [3][-]{subsubsection.6.2.2.2}{Example}{subsection.6.2.2}% 85
\BOOKMARK [1][-]{section.6.3}{Distributed System Complexity}{chapter.6}% 86
\BOOKMARK [2][-]{subsection.6.3.1}{Breaking Change}{section.6.3}% 87
\BOOKMARK [2][-]{subsection.6.3.2}{Handling Failures}{section.6.3}% 88
\BOOKMARK [1][-]{section.6.4}{Operational Complexity}{chapter.6}% 89
\BOOKMARK [2][-]{subsection.6.4.1}{Monitoring}{section.6.4}% 90
\BOOKMARK [2][-]{subsection.6.4.2}{Deployment}{section.6.4}% 91
\BOOKMARK [1][-]{section.6.5}{Conclusion}{chapter.6}% 92
\BOOKMARK [0][-]{chapter.7}{Guidelines}{}% 93
\BOOKMARK [1][-]{section.7.1}{Context}{chapter.7}% 94
\BOOKMARK [1][-]{section.7.2}{Process to Implement Microservices Architecture}{chapter.7}% 95
\BOOKMARK [1][-]{section.7.3}{Principles And Guidelines}{chapter.7}% 96
\BOOKMARK [0][-]{chapter.8}{Conclusion}{}% 97
\BOOKMARK [0][-]{chapter.9}{Related Work}{}% 98
\BOOKMARK [0][-]{chapter.10}{Future Directions}{}% 99
\BOOKMARK [0][-]{appendix*.78}{List of Figures}{}% 100
\BOOKMARK [0][-]{appendix*.79}{List of Tables}{}% 101
